
反向工程已完成.

正在将 Attribute“false”添加到 Package“NewGain7_ert_rtw”。
正在将 Attribute“true”添加到 Package“NewGain7_ert_rtw”。
正在将 Attribute“CREAL_T”添加到 Package“NewGain7_ert_rtw”。
正在将 Attribute“CINT8_T”添加到 Package“NewGain7_ert_rtw”。
正在将 Attribute“CUINT8_T”添加到 Package“NewGain7_ert_rtw”。
正在将 Attribute“CINT16_T”添加到 Package“NewGain7_ert_rtw”。
正在将 Attribute“CUINT16_T”添加到 Package“NewGain7_ert_rtw”。
正在将 Attribute“CINT32_T”添加到 Package“NewGain7_ert_rtw”。
正在将 Attribute“CUINT32_T”添加到 Package“NewGain7_ert_rtw”。
正在将 Attribute“MAX_int8_T”添加到 Package“NewGain7_ert_rtw”。
正在将 Attribute“MIN_int8_T”添加到 Package“NewGain7_ert_rtw”。
正在将 Attribute“MAX_uint8_T”添加到 Package“NewGain7_ert_rtw”。
正在将 Attribute“MAX_int16_T”添加到 Package“NewGain7_ert_rtw”。
正在将 Attribute“MIN_int16_T”添加到 Package“NewGain7_ert_rtw”。
正在将 Attribute“MAX_uint16_T”添加到 Package“NewGain7_ert_rtw”。
正在将 Attribute“MAX_int32_T”添加到 Package“NewGain7_ert_rtw”。
正在将 Attribute“MIN_int32_T”添加到 Package“NewGain7_ert_rtw”。
正在将 Attribute“MAX_uint32_T”添加到 Package“NewGain7_ert_rtw”。
正在将 Type“int8_T”添加到 Package“NewGain7_ert_rtw”。
正在将 Type“uint8_T”添加到 Package“NewGain7_ert_rtw”。
正在将 Type“int16_T”添加到 Package“NewGain7_ert_rtw”。
正在将 Type“uint16_T”添加到 Package“NewGain7_ert_rtw”。
正在将 Type“int32_T”添加到 Package“NewGain7_ert_rtw”。
正在将 Type“uint32_T”添加到 Package“NewGain7_ert_rtw”。
正在将 Type“real32_T”添加到 Package“NewGain7_ert_rtw”。
正在将 Type“real64_T”添加到 Package“NewGain7_ert_rtw”。
正在将 Type“real_T”添加到 Package“NewGain7_ert_rtw”。
正在将 Type“time_T”添加到 Package“NewGain7_ert_rtw”。
正在将 Type“boolean_T”添加到 Package“NewGain7_ert_rtw”。
正在将 Type“int_T”添加到 Package“NewGain7_ert_rtw”。
正在将 Type“uint_T”添加到 Package“NewGain7_ert_rtw”。
正在将 Type“ulong_T”添加到 Package“NewGain7_ert_rtw”。
正在将 Type“char_T”添加到 Package“NewGain7_ert_rtw”。
正在将 Type“uchar_T”添加到 Package“NewGain7_ert_rtw”。
正在将 Type“byte_T”添加到 Package“NewGain7_ert_rtw”。
正在将 Type“creal32_T”添加到 Package“NewGain7_ert_rtw”。
正在将 Type“creal64_T”添加到 Package“NewGain7_ert_rtw”。
正在将 Type“creal_T”添加到 Package“NewGain7_ert_rtw”。
正在将 Type“cint8_T”添加到 Package“NewGain7_ert_rtw”。
正在将 Type“cuint8_T”添加到 Package“NewGain7_ert_rtw”。
正在将 Type“cint16_T”添加到 Package“NewGain7_ert_rtw”。
正在将 Type“cuint16_T”添加到 Package“NewGain7_ert_rtw”。
正在将 Type“cint32_T”添加到 Package“NewGain7_ert_rtw”。
正在将 Type“cuint32_T”添加到 Package“NewGain7_ert_rtw”。
正在将 Type“pointer_T”添加到 Package“NewGain7_ert_rtw”。
正在将 Type“RT_MODEL_NewGain7_T”添加到 Package“NewGain7_ert_rtw”。
已将源工件添加到模型中以确保生成的代码能够反映来自原始代码的详细信息，例如全局注释、预处理器伪指令和元素的顺序。请参阅日志文件以获取更多详细信息。
要在 Rhapsody 浏览器中查看“源工件”，请打开“查看”菜单并选择“浏览器显示选项 > 显示源工件”。
为以下文件添加源工件：
正在将 File“NewGain7_private:spec”添加到 Package“NewGain7_ert_rtw”。
正在将 File“NewGain7_types:spec”添加到 Package“NewGain7_ert_rtw”。
正在将 File“rtwtypes:spec”添加到 Package“NewGain7_ert_rtw”。

